INFO [2019-12-13 10:51:03] $x
INFO [2019-12-13 10:51:03] venny_x
INFO [2019-12-13 10:51:03] 
INFO [2019-12-13 10:51:03] $filename
INFO [2019-12-13 10:51:03] [1] "002vs008_TPMvsTRC.png"
INFO [2019-12-13 10:51:03] 
INFO [2019-12-13 10:51:03] $category.names
INFO [2019-12-13 10:51:03] names(venny_x)
INFO [2019-12-13 10:51:03] 
INFO [2019-12-13 10:51:03] $imagetype
INFO [2019-12-13 10:51:03] [1] "png"
INFO [2019-12-13 10:51:03] 
INFO [2019-12-13 10:51:03] $print.mode
INFO [2019-12-13 10:51:03] c("raw", "percent")
INFO [2019-12-13 10:51:03] 
INFO [2019-12-13 10:51:03] $hyper.test
INFO [2019-12-13 10:51:03] T
INFO [2019-12-13 10:51:03] 
INFO [2019-12-13 10:51:03] $total.population
INFO [2019-12-13 10:51:03] sum(sapply(venny_x, length))
INFO [2019-12-13 10:51:03] 
